2026-04-19T05:09:14.720Z - {"senderId":"698a06aafbd07e2e777aba5b","receiverId":"69555624f9e29e2982961c1c","productId":"695d22121598b5ffe85b01c4","text":"jn"}
Sent successfully
2026-04-19T05:09:17.789Z - {"senderId":"698a06aafbd07e2e777aba5b","receiverId":"69555624f9e29e2982961c1c","productId":"695d22121598b5ffe85b01c4","text":"\\"}
Sent successfully
2026-04-19T05:11:15.774Z - {"senderId":"698a06aafbd07e2e777aba5b","receiverId":"692e9a2860724882408c76a0","productId":"69af6c27f47ef7a26d494187","text":"hello"}
Sent successfully
2026-04-19T05:11:32.833Z - {"senderId":"692e9a2860724882408c76a0","receiverId":"698a06aafbd07e2e777aba5b","text":"hello \\"}
Sent successfully
2026-04-19T05:40:33.984Z - {"senderId":"698a06aafbd07e2e777aba5b","receiverId":"692e9a2860724882408c76a0","productId":"698c9b9f8147a25a6d3eea6b","text":"gre"}
Sent successfully
2026-04-21T02:25:09.078Z - {"senderId":"698a06aafbd07e2e777aba5b","receiverId":"69555624f9e29e2982961c1c","productId":"69764ea5da8aa60a800cd29d","text":"fiuwe"}
Sent successfully
2026-04-29T07:43:23.843Z - {"senderId":"69f1b5fc5af8ce52e287e3cb","receiverId":"692e9a2860724882408c76a0","productId":"6991eccc0399f855622342d9","text":"hi"}
Sent successfully
2026-05-02T11:48:25.118Z - {"senderId":"698a06aafbd07e2e777aba5b","receiverId":"692e9a2860724882408c76a0","productId":"698c9b9f8147a25a6d3eea6b","text":"price"}
Sent successfully
2026-05-02T11:53:31.013Z - {"senderId":"692e9a2860724882408c76a0","receiverId":"698a06aafbd07e2e777aba5b","text":"nice"}
Sent successfully
2026-05-04T16:45:42.975Z - {"senderId":"698a06aafbd07e2e777aba5b","receiverId":"692e9a2860724882408c76a0","productId":"69e6e5d6f1c130149c52f1ae","text":"hi"}
Sent successfully
2026-05-04T17:04:42.822Z - {"senderId":"698a06aafbd07e2e777aba5b","receiverId":"692e9a2860724882408c76a0","text":"hello"}
Sent successfully
2026-05-04T17:05:03.758Z - {"senderId":"692e9a2860724882408c76a0","receiverId":"698a06aafbd07e2e777aba5b","text":"how"}
Sent successfully
2026-05-04T17:08:01.803Z - {"senderId":"698a06aafbd07e2e777aba5b","receiverId":"692e9a2860724882408c76a0","text":"oij"}
Sent successfully
